[2017-05-26 15:25:47] request.INFO: Matched route "login". {"route_parameters":{"_controller":"Binovo\\ElkarBackupBundle\\Controller\\DefaultController::loginAction","_route":"login"},"request_uri":"http://195.2.241.226/login"} []
[2017-05-26 15:25:47] request.CRITICAL: Uncaught PHP Exception InvalidArgumentException: "The directory "/usr/share/elkarbackup/app/cache/prod/annotations" is not writable." at /usr/share/elkarbackup/vendor/doctrine/cache/lib/Doctrine/Common/Cache/FileCache.php line 92 {"exception":"[object] (InvalidArgumentException(code: 0): The directory \"/usr/share/elkarbackup/app/cache/prod/annotations\" is not writable. at /usr/share/elkarbackup/vendor/doctrine/cache/lib/Doctrine/Common/Cache/FileCache.php:92)"} []
[2017-05-26 15:25:47] request.CRITICAL: Exception thrown when handling an exception (InvalidArgumentException: The directory "/usr/share/elkarbackup/app/cache/prod/annotations" is not writable. at /usr/share/elkarbackup/vendor/doctrine/cache/lib/Doctrine/Common/Cache/FileCache.php line 92) {"exception":"[object] (InvalidArgumentException(code: 0): The directory \"/usr/share/elkarbackup/app/cache/prod/annotations\" is not writable. at /usr/share/elkarbackup/vendor/doctrine/cache/lib/Doctrine/Common/Cache/FileCache.php:92)"} []
[2017-05-26 15:25:47] request.CRITICAL: Uncaught PHP Exception InvalidArgumentException: "The directory "/usr/share/elkarbackup/app/cache/prod/annotations" is not writable." at /usr/share/elkarbackup/vendor/doctrine/cache/lib/Doctrine/Common/Cache/FileCache.php line 92 {"exception":"[object] (InvalidArgumentException(code: 0): The directory \"/usr/share/elkarbackup/app/cache/prod/annotations\" is not writable. at /usr/share/elkarbackup/vendor/doctrine/cache/lib/Doctrine/Common/Cache/FileCache.php:92, InvalidArgumentException(code: 0): The directory \"/usr/share/elkarbackup/app/cache/prod/annotations\" is not writable. at /usr/share/elkarbackup/vendor/doctrine/cache/lib/Doctrine/Common/Cache/FileCache.php:92)"} []
[2017-05-26 15:25:47] request.CRITICAL: Exception thrown when handling an exception (InvalidArgumentException: The directory "/usr/share/elkarbackup/app/cache/prod/annotations" is not writable. at /usr/share/elkarbackup/vendor/doctrine/cache/lib/Doctrine/Common/Cache/FileCache.php line 92) {"exception":"[object] (InvalidArgumentException(code: 0): The directory \"/usr/share/elkarbackup/app/cache/prod/annotations\" is not writable. at /usr/share/elkarbackup/vendor/doctrine/cache/lib/Doctrine/Common/Cache/FileCache.php:92)"} []
[2017-05-26 15:32:26] request.INFO: Matched route "editClient". {"route_parameters":{"_controller":"Binovo\\ElkarBackupBundle\\Controller\\DefaultController::editClientAction","id":"new","_route":"editClient"},"request_uri":"http://195.2.241.226/client/new"} []
[2017-05-26 15:32:26] security.DEBUG: Read existing security token from the session. {"key":"_security_secured_area"} []
[2017-05-26 15:32:26] security.DEBUG: User was reloaded from a user provider. {"username":"root","provider":"Symfony\\Bridge\\Doctrine\\Security\\User\\EntityUserProvider"} []
[2017-05-26 15:32:26] security.INFO: No expression found; abstaining from voting. [] []
[2017-05-26 15:32:26] request.CRITICAL: Uncaught PHP Exception Exception: "There is no suitable CSPRNG installed on your system" at /usr/share/elkarbackup/vendor/paragonie/random_compat/lib/random.php line 185 {"exception":"[object] (Exception(code: 0): There is no suitable CSPRNG installed on your system at /usr/share/elkarbackup/vendor/paragonie/random_compat/lib/random.php:185)"} []
[2017-05-26 15:32:26] security.DEBUG: Stored the security token in the session. {"key":"_security_secured_area"} []
[2017-05-26 15:50:58] request.ERROR: Uncaught PHP Exception Symfony\Component\HttpKernel\Exception\MethodNotAllowedHttpException: "No route found for "GET /client": Method Not Allowed (Allow: POST)" at /usr/share/elkarbackup/vendor/symfony/symfony/src/Symfony/Component/HttpKernel/EventListener/RouterListener.php line 180 {"exception":"[object] (Symfony\\Component\\HttpKernel\\Exception\\MethodNotAllowedHttpException(code: 0): No route found for \"GET /client\": Method Not Allowed (Allow: POST) at /usr/share/elkarbackup/vendor/symfony/symfony/src/Symfony/Component/HttpKernel/EventListener/RouterListener.php:180, Symfony\\Component\\Routing\\Exception\\MethodNotAllowedException(code: 0):  at /usr/share/elkarbackup/app/cache/prod/appProdUrlMatcher.php:439)"} []
[2017-05-26 15:59:10] request.INFO: Matched route "editClient". {"route_parameters":{"_controller":"Binovo\\ElkarBackupBundle\\Controller\\DefaultController::editClientAction","id":"new","_route":"editClient"},"request_uri":"http://195.2.241.226/client/new"} []
[2017-05-26 15:59:10] security.DEBUG: Read existing security token from the session. {"key":"_security_secured_area"} []
[2017-05-26 15:59:10] security.DEBUG: User was reloaded from a user provider. {"username":"root","provider":"Symfony\\Bridge\\Doctrine\\Security\\User\\EntityUserProvider"} []
[2017-05-26 15:59:10] security.INFO: No expression found; abstaining from voting. [] []
[2017-05-26 15:59:10] request.CRITICAL: Uncaught PHP Exception Exception: "There is no suitable CSPRNG installed on your system" at /usr/share/elkarbackup/vendor/paragonie/random_compat/lib/random.php line 185 {"exception":"[object] (Exception(code: 0): There is no suitable CSPRNG installed on your system at /usr/share/elkarbackup/vendor/paragonie/random_compat/lib/random.php:185)"} []
[2017-05-26 15:59:10] security.DEBUG: Stored the security token in the session. {"key":"_security_secured_area"} []
[2017-05-26 15:59:13] request.INFO: Matched route "editClient". {"route_parameters":{"_controller":"Binovo\\ElkarBackupBundle\\Controller\\DefaultController::editClientAction","id":"new","_route":"editClient"},"request_uri":"http://195.2.241.226/client/new"} []
[2017-05-26 15:59:13] security.DEBUG: Read existing security token from the session. {"key":"_security_secured_area"} []
[2017-05-26 15:59:13] security.DEBUG: User was reloaded from a user provider. {"username":"root","provider":"Symfony\\Bridge\\Doctrine\\Security\\User\\EntityUserProvider"} []
[2017-05-26 15:59:13] security.INFO: No expression found; abstaining from voting. [] []
[2017-05-26 15:59:13] request.CRITICAL: Uncaught PHP Exception Exception: "There is no suitable CSPRNG installed on your system" at /usr/share/elkarbackup/vendor/paragonie/random_compat/lib/random.php line 185 {"exception":"[object] (Exception(code: 0): There is no suitable CSPRNG installed on your system at /usr/share/elkarbackup/vendor/paragonie/random_compat/lib/random.php:185)"} []
[2017-05-26 15:59:13] security.DEBUG: Stored the security token in the session. {"key":"_security_secured_area"} []
[2017-05-26 15:59:16] request.ERROR: Uncaught PHP Exception Symfony\Component\HttpKernel\Exception\NotFoundHttpException: "No route found for "GET /client/"" at /usr/share/elkarbackup/vendor/symfony/symfony/src/Symfony/Component/HttpKernel/EventListener/RouterListener.php line 176 {"exception":"[object] (Symfony\\Component\\HttpKernel\\Exception\\NotFoundHttpException(code: 0): No route found for \"GET /client/\" at /usr/share/elkarbackup/vendor/symfony/symfony/src/Symfony/Component/HttpKernel/EventListener/RouterListener.php:176, Symfony\\Component\\Routing\\Exception\\ResourceNotFoundException(code: 0):  at /usr/share/elkarbackup/app/cache/prod/appProdUrlMatcher.php:439)"} []
[2017-05-26 15:59:19] request.ERROR: Uncaught PHP Exception Symfony\Component\HttpKernel\Exception\MethodNotAllowedHttpException: "No route found for "GET /client": Method Not Allowed (Allow: POST)" at /usr/share/elkarbackup/vendor/symfony/symfony/src/Symfony/Component/HttpKernel/EventListener/RouterListener.php line 180 {"exception":"[object] (Symfony\\Component\\HttpKernel\\Exception\\MethodNotAllowedHttpException(code: 0): No route found for \"GET /client\": Method Not Allowed (Allow: POST) at /usr/share/elkarbackup/vendor/symfony/symfony/src/Symfony/Component/HttpKernel/EventListener/RouterListener.php:180, Symfony\\Component\\Routing\\Exception\\MethodNotAllowedException(code: 0):  at /usr/share/elkarbackup/app/cache/prod/appProdUrlMatcher.php:439)"} []
[2017-05-26 15:59:24] request.ERROR: Uncaught PHP Exception Symfony\Component\HttpKernel\Exception\NotFoundHttpException: "No route found for "GET /jobs"" at /usr/share/elkarbackup/vendor/symfony/symfony/src/Symfony/Component/HttpKernel/EventListener/RouterListener.php line 176 {"exception":"[object] (Symfony\\Component\\HttpKernel\\Exception\\NotFoundHttpException(code: 0): No route found for \"GET /jobs\" at /usr/share/elkarbackup/vendor/symfony/symfony/src/Symfony/Component/HttpKernel/EventListener/RouterListener.php:176, Symfony\\Component\\Routing\\Exception\\ResourceNotFoundException(code: 0):  at /usr/share/elkarbackup/app/cache/prod/appProdUrlMatcher.php:439)"} []
[2017-05-26 15:59:42] request.INFO: Matched route "editPolicy". {"route_parameters":{"_controller":"Binovo\\ElkarBackupBundle\\Controller\\DefaultController::editPolicyAction","id":"4","_route":"editPolicy"},"request_uri":"http://195.2.241.226/policy/4"} []
[2017-05-26 15:59:42] security.DEBUG: Read existing security token from the session. {"key":"_security_secured_area"} []
[2017-05-26 15:59:42] security.DEBUG: User was reloaded from a user provider. {"username":"root","provider":"Symfony\\Bridge\\Doctrine\\Security\\User\\EntityUserProvider"} []
[2017-05-26 15:59:42] security.INFO: No expression found; abstaining from voting. [] []
[2017-05-26 15:59:42] security.INFO: No expression found; abstaining from voting. [] []
[2017-05-26 15:59:42] request.CRITICAL: Uncaught PHP Exception Exception: "There is no suitable CSPRNG installed on your system" at /usr/share/elkarbackup/vendor/paragonie/random_compat/lib/random.php line 185 {"exception":"[object] (Exception(code: 0): There is no suitable CSPRNG installed on your system at /usr/share/elkarbackup/vendor/paragonie/random_compat/lib/random.php:185)"} []
[2017-05-26 15:59:42] security.DEBUG: Stored the security token in the session. {"key":"_security_secured_area"} []
[2017-05-26 15:59:48] request.INFO: Matched route "editClient". {"route_parameters":{"_controller":"Binovo\\ElkarBackupBundle\\Controller\\DefaultController::editClientAction","id":"new","_route":"editClient"},"request_uri":"http://195.2.241.226/client/new"} []
[2017-05-26 15:59:48] security.DEBUG: Read existing security token from the session. {"key":"_security_secured_area"} []
[2017-05-26 15:59:48] security.DEBUG: User was reloaded from a user provider. {"username":"root","provider":"Symfony\\Bridge\\Doctrine\\Security\\User\\EntityUserProvider"} []
[2017-05-26 15:59:48] security.INFO: No expression found; abstaining from voting. [] []
[2017-05-26 15:59:48] request.CRITICAL: Uncaught PHP Exception Exception: "There is no suitable CSPRNG installed on your system" at /usr/share/elkarbackup/vendor/paragonie/random_compat/lib/random.php line 185 {"exception":"[object] (Exception(code: 0): There is no suitable CSPRNG installed on your system at /usr/share/elkarbackup/vendor/paragonie/random_compat/lib/random.php:185)"} []
[2017-05-26 15:59:48] security.DEBUG: Stored the security token in the session. {"key":"_security_secured_area"} []
[2017-05-26 15:59:59] request.ERROR: Uncaught PHP Exception Symfony\Component\HttpKernel\Exception\NotFoundHttpException: "No route found for "GET /css/bootstrap.min.css.map"" at /usr/share/elkarbackup/vendor/symfony/symfony/src/Symfony/Component/HttpKernel/EventListener/RouterListener.php line 176 {"exception":"[object] (Symfony\\Component\\HttpKernel\\Exception\\NotFoundHttpException(code: 0): No route found for \"GET /css/bootstrap.min.css.map\" at /usr/share/elkarbackup/vendor/symfony/symfony/src/Symfony/Component/HttpKernel/EventListener/RouterListener.php:176, Symfony\\Component\\Routing\\Exception\\ResourceNotFoundException(code: 0):  at /usr/share/elkarbackup/app/cache/prod/appProdUrlMatcher.php:439)"} []
[2017-05-26 16:00:02] request.INFO: Matched route "editClient". {"route_parameters":{"_controller":"Binovo\\ElkarBackupBundle\\Controller\\DefaultController::editClientAction","id":"new","_route":"editClient"},"request_uri":"http://195.2.241.226/client/new"} []
[2017-05-26 16:00:02] security.DEBUG: Read existing security token from the session. {"key":"_security_secured_area"} []
[2017-05-26 16:00:02] security.DEBUG: User was reloaded from a user provider. {"username":"root","provider":"Symfony\\Bridge\\Doctrine\\Security\\User\\EntityUserProvider"} []
[2017-05-26 16:00:02] security.INFO: No expression found; abstaining from voting. [] []
[2017-05-26 16:00:03] request.CRITICAL: Uncaught PHP Exception Exception: "There is no suitable CSPRNG installed on your system" at /usr/share/elkarbackup/vendor/paragonie/random_compat/lib/random.php line 185 {"exception":"[object] (Exception(code: 0): There is no suitable CSPRNG installed on your system at /usr/share/elkarbackup/vendor/paragonie/random_compat/lib/random.php:185)"} []
[2017-05-26 16:00:03] security.DEBUG: Stored the security token in the session. {"key":"_security_secured_area"} []
[2017-05-26 16:01:17] request.INFO: Matched route "editClient". {"route_parameters":{"_controller":"Binovo\\ElkarBackupBundle\\Controller\\DefaultController::editClientAction","id":"new","_route":"editClient"},"request_uri":"http://195.2.241.226/client/new"} []
[2017-05-26 16:01:17] security.DEBUG: Read existing security token from the session. {"key":"_security_secured_area"} []
[2017-05-26 16:01:17] security.DEBUG: User was reloaded from a user provider. {"username":"root","provider":"Symfony\\Bridge\\Doctrine\\Security\\User\\EntityUserProvider"} []
[2017-05-26 16:01:17] security.INFO: No expression found; abstaining from voting. [] []
[2017-05-26 16:01:18] request.CRITICAL: Uncaught PHP Exception Exception: "There is no suitable CSPRNG installed on your system" at /usr/share/elkarbackup/vendor/paragonie/random_compat/lib/random.php line 185 {"exception":"[object] (Exception(code: 0): There is no suitable CSPRNG installed on your system at /usr/share/elkarbackup/vendor/paragonie/random_compat/lib/random.php:185)"} []
[2017-05-26 16:01:18] security.DEBUG: Stored the security token in the session. {"key":"_security_secured_area"} []
[2017-05-26 16:01:22] request.INFO: Matched route "editClient". {"route_parameters":{"_controller":"Binovo\\ElkarBackupBundle\\Controller\\DefaultController::editClientAction","id":"new","_route":"editClient"},"request_uri":"http://195.2.241.226/client/new"} []
[2017-05-26 16:01:22] security.DEBUG: Read existing security token from the session. {"key":"_security_secured_area"} []
[2017-05-26 16:01:22] security.DEBUG: User was reloaded from a user provider. {"username":"root","provider":"Symfony\\Bridge\\Doctrine\\Security\\User\\EntityUserProvider"} []
[2017-05-26 16:01:22] security.INFO: No expression found; abstaining from voting. [] []
[2017-05-26 16:01:22] request.CRITICAL: Uncaught PHP Exception Exception: "There is no suitable CSPRNG installed on your system" at /usr/share/elkarbackup/vendor/paragonie/random_compat/lib/random.php line 185 {"exception":"[object] (Exception(code: 0): There is no suitable CSPRNG installed on your system at /usr/share/elkarbackup/vendor/paragonie/random_compat/lib/random.php:185)"} []
[2017-05-26 16:01:22] security.DEBUG: Stored the security token in the session. {"key":"_security_secured_area"} []
[2017-05-26 16:01:58] request.INFO: Matched route "editClient". {"route_parameters":{"_controller":"Binovo\\ElkarBackupBundle\\Controller\\DefaultController::editClientAction","id":"new","_route":"editClient"},"request_uri":"http://195.2.241.226/client/new"} []
[2017-05-26 16:01:58] security.DEBUG: Read existing security token from the session. {"key":"_security_secured_area"} []
[2017-05-26 16:01:58] security.DEBUG: User was reloaded from a user provider. {"username":"root","provider":"Symfony\\Bridge\\Doctrine\\Security\\User\\EntityUserProvider"} []
[2017-05-26 16:01:58] security.INFO: No expression found; abstaining from voting. [] []
[2017-05-26 16:01:58] request.CRITICAL: Uncaught PHP Exception Exception: "There is no suitable CSPRNG installed on your system" at /usr/share/elkarbackup/vendor/paragonie/random_compat/lib/random.php line 185 {"exception":"[object] (Exception(code: 0): There is no suitable CSPRNG installed on your system at /usr/share/elkarbackup/vendor/paragonie/random_compat/lib/random.php:185)"} []
[2017-05-26 16:01:58] security.DEBUG: Stored the security token in the session. {"key":"_security_secured_area"} []
[2017-05-26 16:02:08] request.INFO: Matched route "editUser". {"route_parameters":{"_controller":"Binovo\\ElkarBackupBundle\\Controller\\DefaultController::editUserAction","id":"new","_route":"editUser"},"request_uri":"http://195.2.241.226/user/new"} []
[2017-05-26 16:02:08] security.DEBUG: Read existing security token from the session. {"key":"_security_secured_area"} []
[2017-05-26 16:02:08] security.DEBUG: User was reloaded from a user provider. {"username":"root","provider":"Symfony\\Bridge\\Doctrine\\Security\\User\\EntityUserProvider"} []
[2017-05-26 16:02:08] security.INFO: No expression found; abstaining from voting. [] []
[2017-05-26 16:02:08] request.CRITICAL: Uncaught PHP Exception Exception: "There is no suitable CSPRNG installed on your system" at /usr/share/elkarbackup/vendor/paragonie/random_compat/lib/random.php line 185 {"exception":"[object] (Exception(code: 0): There is no suitable CSPRNG installed on your system at /usr/share/elkarbackup/vendor/paragonie/random_compat/lib/random.php:185)"} []
[2017-05-26 16:02:08] security.DEBUG: Stored the security token in the session. {"key":"_security_secured_area"} []
[2017-05-26 16:02:21] request.ERROR: Uncaught PHP Exception Symfony\Component\HttpKernel\Exception\MethodNotAllowedHttpException: "No route found for "GET /client": Method Not Allowed (Allow: POST)" at /usr/share/elkarbackup/vendor/symfony/symfony/src/Symfony/Component/HttpKernel/EventListener/RouterListener.php line 180 {"exception":"[object] (Symfony\\Component\\HttpKernel\\Exception\\MethodNotAllowedHttpException(code: 0): No route found for \"GET /client\": Method Not Allowed (Allow: POST) at /usr/share/elkarbackup/vendor/symfony/symfony/src/Symfony/Component/HttpKernel/EventListener/RouterListener.php:180, Symfony\\Component\\Routing\\Exception\\MethodNotAllowedException(code: 0):  at /usr/share/elkarbackup/app/cache/prod/appProdUrlMatcher.php:439)"} []
[2017-05-26 16:02:26] request.ERROR: Uncaught PHP Exception Symfony\Component\HttpKernel\Exception\NotFoundHttpException: "No route found for "GET /css/bootstrap.min.css.map"" at /usr/share/elkarbackup/vendor/symfony/symfony/src/Symfony/Component/HttpKernel/EventListener/RouterListener.php line 176 {"exception":"[object] (Symfony\\Component\\HttpKernel\\Exception\\NotFoundHttpException(code: 0): No route found for \"GET /css/bootstrap.min.css.map\" at /usr/share/elkarbackup/vendor/symfony/symfony/src/Symfony/Component/HttpKernel/EventListener/RouterListener.php:176, Symfony\\Component\\Routing\\Exception\\ResourceNotFoundException(code: 0):  at /usr/share/elkarbackup/app/cache/prod/appProdUrlMatcher.php:439)"} []
[2017-05-26 16:02:29] request.ERROR: Uncaught PHP Exception Symfony\Component\HttpKernel\Exception\NotFoundHttpException: "No route found for "GET /css/bootstrap.min.css.map"" at /usr/share/elkarbackup/vendor/symfony/symfony/src/Symfony/Component/HttpKernel/EventListener/RouterListener.php line 176 {"exception":"[object] (Symfony\\Component\\HttpKernel\\Exception\\NotFoundHttpException(code: 0): No route found for \"GET /css/bootstrap.min.css.map\" at /usr/share/elkarbackup/vendor/symfony/symfony/src/Symfony/Component/HttpKernel/EventListener/RouterListener.php:176, Symfony\\Component\\Routing\\Exception\\ResourceNotFoundException(code: 0):  at /usr/share/elkarbackup/app/cache/prod/appProdUrlMatcher.php:439)"} []
[2017-05-26 16:02:30] request.INFO: Matched route "editClient". {"route_parameters":{"_controller":"Binovo\\ElkarBackupBundle\\Controller\\DefaultController::editClientAction","id":"new","_route":"editClient"},"request_uri":"http://195.2.241.226/client/new"} []
[2017-05-26 16:02:30] security.DEBUG: Read existing security token from the session. {"key":"_security_secured_area"} []
[2017-05-26 16:02:30] security.DEBUG: User was reloaded from a user provider. {"username":"root","provider":"Symfony\\Bridge\\Doctrine\\Security\\User\\EntityUserProvider"} []
[2017-05-26 16:02:30] security.INFO: No expression found; abstaining from voting. [] []
[2017-05-26 16:02:30] request.CRITICAL: Uncaught PHP Exception Exception: "There is no suitable CSPRNG installed on your system" at /usr/share/elkarbackup/vendor/paragonie/random_compat/lib/random.php line 185 {"exception":"[object] (Exception(code: 0): There is no suitable CSPRNG installed on your system at /usr/share/elkarbackup/vendor/paragonie/random_compat/lib/random.php:185)"} []
[2017-05-26 16:02:30] security.DEBUG: Stored the security token in the session. {"key":"_security_secured_area"} []
[2017-05-26 16:03:27] request.INFO: Matched route "editClient". {"route_parameters":{"_controller":"Binovo\\ElkarBackupBundle\\Controller\\DefaultController::editClientAction","id":"new","_route":"editClient"},"request_uri":"http://195.2.241.226/client/new"} []
[2017-05-26 16:03:27] security.DEBUG: Read existing security token from the session. {"key":"_security_secured_area"} []
[2017-05-26 16:03:27] security.DEBUG: User was reloaded from a user provider. {"username":"root","provider":"Symfony\\Bridge\\Doctrine\\Security\\User\\EntityUserProvider"} []
[2017-05-26 16:03:27] security.INFO: No expression found; abstaining from voting. [] []
[2017-05-26 16:03:27] request.CRITICAL: Uncaught PHP Exception Exception: "There is no suitable CSPRNG installed on your system" at /usr/share/elkarbackup/vendor/paragonie/random_compat/lib/random.php line 185 {"exception":"[object] (Exception(code: 0): There is no suitable CSPRNG installed on your system at /usr/share/elkarbackup/vendor/paragonie/random_compat/lib/random.php:185)"} []
[2017-05-26 16:03:27] security.DEBUG: Stored the security token in the session. {"key":"_security_secured_area"} []
[2017-05-26 16:03:43] request.ERROR: Uncaught PHP Exception Symfony\Component\HttpKernel\Exception\MethodNotAllowedHttpException: "No route found for "GET /client": Method Not Allowed (Allow: POST)" at /usr/share/elkarbackup/vendor/symfony/symfony/src/Symfony/Component/HttpKernel/EventListener/RouterListener.php line 180 {"exception":"[object] (Symfony\\Component\\HttpKernel\\Exception\\MethodNotAllowedHttpException(code: 0): No route found for \"GET /client\": Method Not Allowed (Allow: POST) at /usr/share/elkarbackup/vendor/symfony/symfony/src/Symfony/Component/HttpKernel/EventListener/RouterListener.php:180, Symfony\\Component\\Routing\\Exception\\MethodNotAllowedException(code: 0):  at /usr/share/elkarbackup/app/cache/prod/appProdUrlMatcher.php:439)"} []
[2017-05-26 16:03:46] request.ERROR: Uncaught PHP Exception Symfony\Component\HttpKernel\Exception\MethodNotAllowedHttpException: "No route found for "GET /client": Method Not Allowed (Allow: POST)" at /usr/share/elkarbackup/vendor/symfony/symfony/src/Symfony/Component/HttpKernel/EventListener/RouterListener.php line 180 {"exception":"[object] (Symfony\\Component\\HttpKernel\\Exception\\MethodNotAllowedHttpException(code: 0): No route found for \"GET /client\": Method Not Allowed (Allow: POST) at /usr/share/elkarbackup/vendor/symfony/symfony/src/Symfony/Component/HttpKernel/EventListener/RouterListener.php:180, Symfony\\Component\\Routing\\Exception\\MethodNotAllowedException(code: 0):  at /usr/share/elkarbackup/app/cache/prod/appProdUrlMatcher.php:439)"} []
[2017-05-26 16:08:21] request.INFO: Matched route "editUser". {"route_parameters":{"_controller":"Binovo\\ElkarBackupBundle\\Controller\\DefaultController::editUserAction","id":"new","_route":"editUser"},"request_uri":"http://195.2.241.226/user/new"} []
[2017-05-26 16:08:21] security.DEBUG: Read existing security token from the session. {"key":"_security_secured_area"} []
[2017-05-26 16:08:21] security.DEBUG: User was reloaded from a user provider. {"username":"root","provider":"Symfony\\Bridge\\Doctrine\\Security\\User\\EntityUserProvider"} []
[2017-05-26 16:08:21] security.INFO: No expression found; abstaining from voting. [] []
[2017-05-26 16:08:21] request.CRITICAL: Uncaught PHP Exception Exception: "There is no suitable CSPRNG installed on your system" at /usr/share/elkarbackup/vendor/paragonie/random_compat/lib/random.php line 185 {"exception":"[object] (Exception(code: 0): There is no suitable CSPRNG installed on your system at /usr/share/elkarbackup/vendor/paragonie/random_compat/lib/random.php:185)"} []
[2017-05-26 16:08:21] security.DEBUG: Stored the security token in the session. {"key":"_security_secured_area"} []
[2017-05-26 16:11:33] request.INFO: Matched route "showClients". {"route_parameters":{"_controller":"Binovo\\ElkarBackupBundle\\Controller\\DefaultController::showClientsAction","_route":"showClients"},"request_uri":"http://195.2.241.226/clients"} []
[2017-05-26 16:11:33] security.DEBUG: Read existing security token from the session. {"key":"_security_secured_area"} []
[2017-05-26 16:11:33] request.CRITICAL: Uncaught PHP Exception InvalidArgumentException: "The directory "/usr/share/elkarbackup/app/cache/prod/annotations" is not writable." at /usr/share/elkarbackup/vendor/doctrine/cache/lib/Doctrine/Common/Cache/FileCache.php line 92 {"exception":"[object] (InvalidArgumentException(code: 0): The directory \"/usr/share/elkarbackup/app/cache/prod/annotations\" is not writable. at /usr/share/elkarbackup/vendor/doctrine/cache/lib/Doctrine/Common/Cache/FileCache.php:92)"} []
[2017-05-26 16:11:33] request.CRITICAL: Exception thrown when handling an exception (InvalidArgumentException: The directory "/usr/share/elkarbackup/app/cache/prod/annotations" is not writable. at /usr/share/elkarbackup/vendor/doctrine/cache/lib/Doctrine/Common/Cache/FileCache.php line 92) {"exception":"[object] (InvalidArgumentException(code: 0): The directory \"/usr/share/elkarbackup/app/cache/prod/annotations\" is not writable. at /usr/share/elkarbackup/vendor/doctrine/cache/lib/Doctrine/Common/Cache/FileCache.php:92)"} []
[2017-05-26 16:11:33] request.CRITICAL: Uncaught PHP Exception InvalidArgumentException: "The directory "/usr/share/elkarbackup/app/cache/prod/annotations" is not writable." at /usr/share/elkarbackup/vendor/doctrine/cache/lib/Doctrine/Common/Cache/FileCache.php line 92 {"exception":"[object] (InvalidArgumentException(code: 0): The directory \"/usr/share/elkarbackup/app/cache/prod/annotations\" is not writable. at /usr/share/elkarbackup/vendor/doctrine/cache/lib/Doctrine/Common/Cache/FileCache.php:92, InvalidArgumentException(code: 0): The directory \"/usr/share/elkarbackup/app/cache/prod/annotations\" is not writable. at /usr/share/elkarbackup/vendor/doctrine/cache/lib/Doctrine/Common/Cache/FileCache.php:92)"} []
[2017-05-26 16:11:33] request.CRITICAL: Exception thrown when handling an exception (InvalidArgumentException: The directory "/usr/share/elkarbackup/app/cache/prod/annotations" is not writable. at /usr/share/elkarbackup/vendor/doctrine/cache/lib/Doctrine/Common/Cache/FileCache.php line 92) {"exception":"[object] (InvalidArgumentException(code: 0): The directory \"/usr/share/elkarbackup/app/cache/prod/annotations\" is not writable. at /usr/share/elkarbackup/vendor/doctrine/cache/lib/Doctrine/Common/Cache/FileCache.php:92)"} []
[2017-05-26 16:12:20] request.INFO: Matched route "editClient". {"route_parameters":{"_controller":"Binovo\\ElkarBackupBundle\\Controller\\DefaultController::editClientAction","id":"new","_route":"editClient"},"request_uri":"http://195.2.241.226/client/new"} []
[2017-05-26 16:12:20] security.DEBUG: Read existing security token from the session. {"key":"_security_secured_area"} []
[2017-05-26 16:12:20] security.DEBUG: User was reloaded from a user provider. {"username":"root","provider":"Symfony\\Bridge\\Doctrine\\Security\\User\\EntityUserProvider"} []
[2017-05-26 16:12:20] security.INFO: No expression found; abstaining from voting. [] []
[2017-05-26 16:12:20] request.CRITICAL: Uncaught PHP Exception Exception: "There is no suitable CSPRNG installed on your system" at /usr/share/elkarbackup/vendor/paragonie/random_compat/lib/random.php line 185 {"exception":"[object] (Exception(code: 0): There is no suitable CSPRNG installed on your system at /usr/share/elkarbackup/vendor/paragonie/random_compat/lib/random.php:185)"} []
[2017-05-26 16:12:20] security.DEBUG: Stored the security token in the session. {"key":"_security_secured_area"} []
[2017-05-26 16:12:30] request.ERROR: Uncaught PHP Exception Symfony\Component\HttpKernel\Exception\MethodNotAllowedHttpException: "No route found for "GET /client": Method Not Allowed (Allow: POST)" at /usr/share/elkarbackup/vendor/symfony/symfony/src/Symfony/Component/HttpKernel/EventListener/RouterListener.php line 180 {"exception":"[object] (Symfony\\Component\\HttpKernel\\Exception\\MethodNotAllowedHttpException(code: 0): No route found for \"GET /client\": Method Not Allowed (Allow: POST) at /usr/share/elkarbackup/vendor/symfony/symfony/src/Symfony/Component/HttpKernel/EventListener/RouterListener.php:180, Symfony\\Component\\Routing\\Exception\\MethodNotAllowedException(code: 0):  at /usr/share/elkarbackup/app/cache/prod/appProdUrlMatcher.php:439)"} []
[2017-05-26 16:12:33] request.INFO: Matched route "editUser". {"route_parameters":{"_controller":"Binovo\\ElkarBackupBundle\\Controller\\DefaultController::editUserAction","id":"new","_route":"editUser"},"request_uri":"http://195.2.241.226/user/new"} []
[2017-05-26 16:12:33] security.DEBUG: Read existing security token from the session. {"key":"_security_secured_area"} []
[2017-05-26 16:12:33] security.DEBUG: User was reloaded from a user provider. {"username":"root","provider":"Symfony\\Bridge\\Doctrine\\Security\\User\\EntityUserProvider"} []
[2017-05-26 16:12:33] security.INFO: No expression found; abstaining from voting. [] []
[2017-05-26 16:12:33] request.CRITICAL: Uncaught PHP Exception Exception: "There is no suitable CSPRNG installed on your system" at /usr/share/elkarbackup/vendor/paragonie/random_compat/lib/random.php line 185 {"exception":"[object] (Exception(code: 0): There is no suitable CSPRNG installed on your system at /usr/share/elkarbackup/vendor/paragonie/random_compat/lib/random.php:185)"} []
[2017-05-26 16:12:33] security.DEBUG: Stored the security token in the session. {"key":"_security_secured_area"} []
[2017-05-26 16:12:37] request.ERROR: Uncaught PHP Exception Symfony\Component\HttpKernel\Exception\NotFoundHttpException: "No route found for "GET /jobs"" at /usr/share/elkarbackup/vendor/symfony/symfony/src/Symfony/Component/HttpKernel/EventListener/RouterListener.php line 176 {"exception":"[object] (Symfony\\Component\\HttpKernel\\Exception\\NotFoundHttpException(code: 0): No route found for \"GET /jobs\" at /usr/share/elkarbackup/vendor/symfony/symfony/src/Symfony/Component/HttpKernel/EventListener/RouterListener.php:176, Symfony\\Component\\Routing\\Exception\\ResourceNotFoundException(code: 0):  at /usr/share/elkarbackup/app/cache/prod/appProdUrlMatcher.php:439)"} []
[2017-05-26 16:12:42] request.ERROR: Uncaught PHP Exception Symfony\Component\HttpKernel\Exception\NotFoundHttpException: "No route found for "GET /css/bootstrap.min.css.map"" at /usr/share/elkarbackup/vendor/symfony/symfony/src/Symfony/Component/HttpKernel/EventListener/RouterListener.php line 176 {"exception":"[object] (Symfony\\Component\\HttpKernel\\Exception\\NotFoundHttpException(code: 0): No route found for \"GET /css/bootstrap.min.css.map\" at /usr/share/elkarbackup/vendor/symfony/symfony/src/Symfony/Component/HttpKernel/EventListener/RouterListener.php:176, Symfony\\Component\\Routing\\Exception\\ResourceNotFoundException(code: 0):  at /usr/share/elkarbackup/app/cache/prod/appProdUrlMatcher.php:439)"} []
[2017-05-26 16:12:44] request.ERROR: Uncaught PHP Exception Symfony\Component\HttpKernel\Exception\NotFoundHttpException: "No route found for "GET /css/bootstrap.min.css.map"" at /usr/share/elkarbackup/vendor/symfony/symfony/src/Symfony/Component/HttpKernel/EventListener/RouterListener.php line 176 {"exception":"[object] (Symfony\\Component\\HttpKernel\\Exception\\NotFoundHttpException(code: 0): No route found for \"GET /css/bootstrap.min.css.map\" at /usr/share/elkarbackup/vendor/symfony/symfony/src/Symfony/Component/HttpKernel/EventListener/RouterListener.php:176, Symfony\\Component\\Routing\\Exception\\ResourceNotFoundException(code: 0):  at /usr/share/elkarbackup/app/cache/prod/appProdUrlMatcher.php:439)"} []
[2017-05-26 16:12:45] request.INFO: Matched route "editClient". {"route_parameters":{"_controller":"Binovo\\ElkarBackupBundle\\Controller\\DefaultController::editClientAction","id":"new","_route":"editClient"},"request_uri":"http://195.2.241.226/client/new"} []
[2017-05-26 16:12:45] security.DEBUG: Read existing security token from the session. {"key":"_security_secured_area"} []
[2017-05-26 16:12:45] security.DEBUG: User was reloaded from a user provider. {"username":"root","provider":"Symfony\\Bridge\\Doctrine\\Security\\User\\EntityUserProvider"} []
[2017-05-26 16:12:45] security.INFO: No expression found; abstaining from voting. [] []
[2017-05-26 16:12:45] request.CRITICAL: Uncaught PHP Exception Exception: "There is no suitable CSPRNG installed on your system" at /usr/share/elkarbackup/vendor/paragonie/random_compat/lib/random.php line 185 {"exception":"[object] (Exception(code: 0): There is no suitable CSPRNG installed on your system at /usr/share/elkarbackup/vendor/paragonie/random_compat/lib/random.php:185)"} []
[2017-05-26 16:12:45] security.DEBUG: Stored the security token in the session. {"key":"_security_secured_area"} []
[2017-05-26 16:13:25] request.INFO: Matched route "editClient". {"route_parameters":{"_controller":"Binovo\\ElkarBackupBundle\\Controller\\DefaultController::editClientAction","id":"new","_route":"editClient"},"request_uri":"http://195.2.241.226/client/new"} []
[2017-05-26 16:13:25] security.DEBUG: Read existing security token from the session. {"key":"_security_secured_area"} []
[2017-05-26 16:13:25] security.DEBUG: User was reloaded from a user provider. {"username":"root","provider":"Symfony\\Bridge\\Doctrine\\Security\\User\\EntityUserProvider"} []
[2017-05-26 16:13:25] security.INFO: No expression found; abstaining from voting. [] []
[2017-05-26 16:13:25] request.CRITICAL: Uncaught PHP Exception Exception: "There is no suitable CSPRNG installed on your system" at /usr/share/elkarbackup/vendor/paragonie/random_compat/lib/random.php line 185 {"exception":"[object] (Exception(code: 0): There is no suitable CSPRNG installed on your system at /usr/share/elkarbackup/vendor/paragonie/random_compat/lib/random.php:185)"} []
[2017-05-26 16:13:25] security.DEBUG: Stored the security token in the session. {"key":"_security_secured_area"} []
[2017-05-26 16:13:28] request.ERROR: Uncaught PHP Exception Symfony\Component\HttpKernel\Exception\MethodNotAllowedHttpException: "No route found for "GET /client": Method Not Allowed (Allow: POST)" at /usr/share/elkarbackup/vendor/symfony/symfony/src/Symfony/Component/HttpKernel/EventListener/RouterListener.php line 180 {"exception":"[object] (Symfony\\Component\\HttpKernel\\Exception\\MethodNotAllowedHttpException(code: 0): No route found for \"GET /client\": Method Not Allowed (Allow: POST) at /usr/share/elkarbackup/vendor/symfony/symfony/src/Symfony/Component/HttpKernel/EventListener/RouterListener.php:180, Symfony\\Component\\Routing\\Exception\\MethodNotAllowedException(code: 0):  at /usr/share/elkarbackup/app/cache/prod/appProdUrlMatcher.php:439)"} []
[2017-05-26 16:13:33] request.ERROR: Uncaught PHP Exception Symfony\Component\HttpKernel\Exception\NotFoundHttpException: "No route found for "GET /css/bootstrap.min.css.map"" at /usr/share/elkarbackup/vendor/symfony/symfony/src/Symfony/Component/HttpKernel/EventListener/RouterListener.php line 176 {"exception":"[object] (Symfony\\Component\\HttpKernel\\Exception\\NotFoundHttpException(code: 0): No route found for \"GET /css/bootstrap.min.css.map\" at /usr/share/elkarbackup/vendor/symfony/symfony/src/Symfony/Component/HttpKernel/EventListener/RouterListener.php:176, Symfony\\Component\\Routing\\Exception\\ResourceNotFoundException(code: 0):  at /usr/share/elkarbackup/app/cache/prod/appProdUrlMatcher.php:439)"} []
[2017-05-26 16:13:39] request.ERROR: Uncaught PHP Exception Symfony\Component\HttpKernel\Exception\NotFoundHttpException: "No route found for "GET /css/bootstrap.min.css.map"" at /usr/share/elkarbackup/vendor/symfony/symfony/src/Symfony/Component/HttpKernel/EventListener/RouterListener.php line 176 {"exception":"[object] (Symfony\\Component\\HttpKernel\\Exception\\NotFoundHttpException(code: 0): No route found for \"GET /css/bootstrap.min.css.map\" at /usr/share/elkarbackup/vendor/symfony/symfony/src/Symfony/Component/HttpKernel/EventListener/RouterListener.php:176, Symfony\\Component\\Routing\\Exception\\ResourceNotFoundException(code: 0):  at /usr/share/elkarbackup/app/cache/prod/appProdUrlMatcher.php:439)"} []
[2017-05-26 16:13:40] request.INFO: Matched route "editClient". {"route_parameters":{"_controller":"Binovo\\ElkarBackupBundle\\Controller\\DefaultController::editClientAction","id":"new","_route":"editClient"},"request_uri":"http://195.2.241.226/client/new"} []
[2017-05-26 16:13:40] security.DEBUG: Read existing security token from the session. {"key":"_security_secured_area"} []
[2017-05-26 16:13:40] security.DEBUG: User was reloaded from a user provider. {"username":"root","provider":"Symfony\\Bridge\\Doctrine\\Security\\User\\EntityUserProvider"} []
[2017-05-26 16:13:40] security.INFO: No expression found; abstaining from voting. [] []
[2017-05-26 16:13:40] request.CRITICAL: Uncaught PHP Exception Exception: "There is no suitable CSPRNG installed on your system" at /usr/share/elkarbackup/vendor/paragonie/random_compat/lib/random.php line 185 {"exception":"[object] (Exception(code: 0): There is no suitable CSPRNG installed on your system at /usr/share/elkarbackup/vendor/paragonie/random_compat/lib/random.php:185)"} []
[2017-05-26 16:13:40] security.DEBUG: Stored the security token in the session. {"key":"_security_secured_area"} []
[2017-05-26 16:15:40] request.ERROR: Uncaught PHP Exception Symfony\Component\HttpKernel\Exception\NotFoundHttpException: "No route found for "GET /css/bootstrap.min.css.map"" at /usr/share/elkarbackup/vendor/symfony/symfony/src/Symfony/Component/HttpKernel/EventListener/RouterListener.php line 176 {"exception":"[object] (Symfony\\Component\\HttpKernel\\Exception\\NotFoundHttpException(code: 0): No route found for \"GET /css/bootstrap.min.css.map\" at /usr/share/elkarbackup/vendor/symfony/symfony/src/Symfony/Component/HttpKernel/EventListener/RouterListener.php:176, Symfony\\Component\\Routing\\Exception\\ResourceNotFoundException(code: 0):  at /usr/share/elkarbackup/app/cache/prod/appProdUrlMatcher.php:439)"} []
[2017-05-26 16:15:41] request.INFO: Matched route "editClient". {"route_parameters":{"_controller":"Binovo\\ElkarBackupBundle\\Controller\\DefaultController::editClientAction","id":"new","_route":"editClient"},"request_uri":"http://195.2.241.226/client/new"} []
[2017-05-26 16:15:41] security.DEBUG: Read existing security token from the session. {"key":"_security_secured_area"} []
[2017-05-26 16:15:41] security.DEBUG: User was reloaded from a user provider. {"username":"root","provider":"Symfony\\Bridge\\Doctrine\\Security\\User\\EntityUserProvider"} []
[2017-05-26 16:15:41] security.INFO: No expression found; abstaining from voting. [] []
[2017-05-26 16:15:41] request.CRITICAL: Uncaught PHP Exception Exception: "There is no suitable CSPRNG installed on your system" at /usr/share/elkarbackup/vendor/paragonie/random_compat/lib/random.php line 185 {"exception":"[object] (Exception(code: 0): There is no suitable CSPRNG installed on your system at /usr/share/elkarbackup/vendor/paragonie/random_compat/lib/random.php:185)"} []
[2017-05-26 16:15:41] security.DEBUG: Stored the security token in the session. {"key":"_security_secured_area"} []
[2017-05-26 16:33:38] request.INFO: Matched route "editClient". {"route_parameters":{"_controller":"Binovo\\ElkarBackupBundle\\Controller\\DefaultController::editClientAction","id":"new","_route":"editClient"},"request_uri":"http://195.2.241.226/client/new"} []
[2017-05-26 16:33:38] security.DEBUG: Read existing security token from the session. {"key":"_security_secured_area"} []
[2017-05-26 16:33:38] security.DEBUG: User was reloaded from a user provider. {"username":"root","provider":"Symfony\\Bridge\\Doctrine\\Security\\User\\EntityUserProvider"} []
[2017-05-26 16:33:38] security.INFO: No expression found; abstaining from voting. [] []
[2017-05-26 16:33:38] request.CRITICAL: Uncaught PHP Exception Exception: "There is no suitable CSPRNG installed on your system" at /usr/share/elkarbackup/vendor/paragonie/random_compat/lib/random.php line 185 {"exception":"[object] (Exception(code: 0): There is no suitable CSPRNG installed on your system at /usr/share/elkarbackup/vendor/paragonie/random_compat/lib/random.php:185)"} []
[2017-05-26 16:33:38] security.DEBUG: Stored the security token in the session. {"key":"_security_secured_area"} []
[2017-05-26 16:37:19] request.INFO: Matched route "editClient". {"route_parameters":{"_controller":"Binovo\\ElkarBackupBundle\\Controller\\DefaultController::editClientAction","id":"new","_route":"editClient"},"request_uri":"http://195.2.241.226/client/new"} []
[2017-05-26 16:37:19] security.DEBUG: Read existing security token from the session. {"key":"_security_secured_area"} []
[2017-05-26 16:37:19] security.DEBUG: User was reloaded from a user provider. {"username":"root","provider":"Symfony\\Bridge\\Doctrine\\Security\\User\\EntityUserProvider"} []
[2017-05-26 16:37:19] security.INFO: No expression found; abstaining from voting. [] []
[2017-05-26 16:37:20] request.CRITICAL: Uncaught PHP Exception Exception: "There is no suitable CSPRNG installed on your system" at /usr/share/elkarbackup/vendor/paragonie/random_compat/lib/random.php line 185 {"exception":"[object] (Exception(code: 0): There is no suitable CSPRNG installed on your system at /usr/share/elkarbackup/vendor/paragonie/random_compat/lib/random.php:185)"} []
[2017-05-26 16:37:20] security.DEBUG: Stored the security token in the session. {"key":"_security_secured_area"} []
[2017-05-26 16:37:38] request.INFO: Matched route "editUser". {"route_parameters":{"_controller":"Binovo\\ElkarBackupBundle\\Controller\\DefaultController::editUserAction","id":"new","_route":"editUser"},"request_uri":"http://195.2.241.226/user/new"} []
[2017-05-26 16:37:38] security.DEBUG: Read existing security token from the session. {"key":"_security_secured_area"} []
[2017-05-26 16:37:38] security.DEBUG: User was reloaded from a user provider. {"username":"root","provider":"Symfony\\Bridge\\Doctrine\\Security\\User\\EntityUserProvider"} []
[2017-05-26 16:37:38] security.INFO: No expression found; abstaining from voting. [] []
[2017-05-26 16:37:38] request.CRITICAL: Uncaught PHP Exception Exception: "There is no suitable CSPRNG installed on your system" at /usr/share/elkarbackup/vendor/paragonie/random_compat/lib/random.php line 185 {"exception":"[object] (Exception(code: 0): There is no suitable CSPRNG installed on your system at /usr/share/elkarbackup/vendor/paragonie/random_compat/lib/random.php:185)"} []
[2017-05-26 16:37:38] security.DEBUG: Stored the security token in the session. {"key":"_security_secured_area"} []
[2017-05-26 16:37:45] request.INFO: Matched route "editClient". {"route_parameters":{"_controller":"Binovo\\ElkarBackupBundle\\Controller\\DefaultController::editClientAction","id":"new","_route":"editClient"},"request_uri":"http://195.2.241.226/client/new"} []
[2017-05-26 16:37:45] security.DEBUG: Read existing security token from the session. {"key":"_security_secured_area"} []
[2017-05-26 16:37:45] security.DEBUG: User was reloaded from a user provider. {"username":"root","provider":"Symfony\\Bridge\\Doctrine\\Security\\User\\EntityUserProvider"} []
[2017-05-26 16:37:45] security.INFO: No expression found; abstaining from voting. [] []
[2017-05-26 16:37:45] request.CRITICAL: Uncaught PHP Exception Exception: "There is no suitable CSPRNG installed on your system" at /usr/share/elkarbackup/vendor/paragonie/random_compat/lib/random.php line 185 {"exception":"[object] (Exception(code: 0): There is no suitable CSPRNG installed on your system at /usr/share/elkarbackup/vendor/paragonie/random_compat/lib/random.php:185)"} []
[2017-05-26 16:37:45] security.DEBUG: Stored the security token in the session. {"key":"_security_secured_area"} []
[2017-05-31 18:15:31] request.INFO: Matched route "runJob". {"route_parameters":{"_controller":"Binovo\\ElkarBackupBundle\\Controller\\DefaultController::runJobAction","idClient":"1","idJob":"1","_route":"runJob"},"request_uri":"http://195.2.241.226/client/1/job/1/run"} []
[2017-05-31 18:15:31] request.CRITICAL: Uncaught PHP Exception RuntimeException: "Failed to start the session because headers have already been sent by "" at line 0." at /usr/share/elkarbackup/vendor/symfony/symfony/src/Symfony/Component/HttpFoundation/Session/Storage/NativeSessionStorage.php line 140 {"exception":"[object] (RuntimeException(code: 0): Failed to start the session because headers have already been sent by \"\" at line 0. at /usr/share/elkarbackup/vendor/symfony/symfony/src/Symfony/Component/HttpFoundation/Session/Storage/NativeSessionStorage.php:140)"} []
[2017-05-31 18:15:31] request.CRITICAL: Exception thrown when handling an exception (RuntimeException: Failed to start the session because headers have already been sent by "" at line 0. at /usr/share/elkarbackup/vendor/symfony/symfony/src/Symfony/Component/HttpFoundation/Session/Storage/NativeSessionStorage.php line 140) {"exception":"[object] (RuntimeException(code: 0): Failed to start the session because headers have already been sent by \"\" at line 0. at /usr/share/elkarbackup/vendor/symfony/symfony/src/Symfony/Component/HttpFoundation/Session/Storage/NativeSessionStorage.php:140)"} []
[2017-05-31 18:15:31] request.CRITICAL: Uncaught PHP Exception RuntimeException: "Failed to start the session because headers have already been sent by "" at line 0." at /usr/share/elkarbackup/vendor/symfony/symfony/src/Symfony/Component/HttpFoundation/Session/Storage/NativeSessionStorage.php line 140 {"exception":"[object] (RuntimeException(code: 0): Failed to start the session because headers have already been sent by \"\" at line 0. at /usr/share/elkarbackup/vendor/symfony/symfony/src/Symfony/Component/HttpFoundation/Session/Storage/NativeSessionStorage.php:140, RuntimeException(code: 0): Failed to start the session because headers have already been sent by \"\" at line 0. at /usr/share/elkarbackup/vendor/symfony/symfony/src/Symfony/Component/HttpFoundation/Session/Storage/NativeSessionStorage.php:140)"} []
[2017-05-31 18:15:31] request.CRITICAL: Exception thrown when handling an exception (RuntimeException: Failed to start the session because headers have already been sent by "" at line 0. at /usr/share/elkarbackup/vendor/symfony/symfony/src/Symfony/Component/HttpFoundation/Session/Storage/NativeSessionStorage.php line 140) {"exception":"[object] (RuntimeException(code: 0): Failed to start the session because headers have already been sent by \"\" at line 0. at /usr/share/elkarbackup/vendor/symfony/symfony/src/Symfony/Component/HttpFoundation/Session/Storage/NativeSessionStorage.php:140)"} []
[2017-06-01 12:18:23] request.INFO: Matched route "showClients". {"route_parameters":{"_controller":"Binovo\\ElkarBackupBundle\\Controller\\DefaultController::showClientsAction","_route":"showClients"},"request_uri":"https://195.2.241.226/clients"} []
[2017-06-01 12:18:23] security.DEBUG: Read existing security token from the session. {"key":"_security_secured_area"} []
[2017-06-01 12:18:23] request.CRITICAL: Uncaught PHP Exception InvalidArgumentException: "The directory "/usr/share/elkarbackup/app/cache/prod/annotations" is not writable." at /usr/share/elkarbackup/vendor/doctrine/cache/lib/Doctrine/Common/Cache/FileCache.php line 92 {"exception":"[object] (InvalidArgumentException(code: 0): The directory \"/usr/share/elkarbackup/app/cache/prod/annotations\" is not writable. at /usr/share/elkarbackup/vendor/doctrine/cache/lib/Doctrine/Common/Cache/FileCache.php:92)"} []
[2017-06-01 12:18:23] request.CRITICAL: Exception thrown when handling an exception (InvalidArgumentException: The directory "/usr/share/elkarbackup/app/cache/prod/annotations" is not writable. at /usr/share/elkarbackup/vendor/doctrine/cache/lib/Doctrine/Common/Cache/FileCache.php line 92) {"exception":"[object] (InvalidArgumentException(code: 0): The directory \"/usr/share/elkarbackup/app/cache/prod/annotations\" is not writable. at /usr/share/elkarbackup/vendor/doctrine/cache/lib/Doctrine/Common/Cache/FileCache.php:92)"} []
[2017-06-01 12:18:23] request.CRITICAL: Uncaught PHP Exception InvalidArgumentException: "The directory "/usr/share/elkarbackup/app/cache/prod/annotations" is not writable." at /usr/share/elkarbackup/vendor/doctrine/cache/lib/Doctrine/Common/Cache/FileCache.php line 92 {"exception":"[object] (InvalidArgumentException(code: 0): The directory \"/usr/share/elkarbackup/app/cache/prod/annotations\" is not writable. at /usr/share/elkarbackup/vendor/doctrine/cache/lib/Doctrine/Common/Cache/FileCache.php:92, InvalidArgumentException(code: 0): The directory \"/usr/share/elkarbackup/app/cache/prod/annotations\" is not writable. at /usr/share/elkarbackup/vendor/doctrine/cache/lib/Doctrine/Common/Cache/FileCache.php:92)"} []
[2017-06-01 12:18:23] request.CRITICAL: Exception thrown when handling an exception (InvalidArgumentException: The directory "/usr/share/elkarbackup/app/cache/prod/annotations" is not writable. at /usr/share/elkarbackup/vendor/doctrine/cache/lib/Doctrine/Common/Cache/FileCache.php line 92) {"exception":"[object] (InvalidArgumentException(code: 0): The directory \"/usr/share/elkarbackup/app/cache/prod/annotations\" is not writable. at /usr/share/elkarbackup/vendor/doctrine/cache/lib/Doctrine/Common/Cache/FileCache.php:92)"} []
[2017-06-01 12:20:01] request.INFO: Matched route "runJob". {"route_parameters":{"_controller":"Binovo\\ElkarBackupBundle\\Controller\\DefaultController::runJobAction","idClient":"1","idJob":"1","_route":"runJob"},"request_uri":"https://195.2.241.226/client/1/job/1/run"} []
[2017-06-01 12:20:01] security.INFO: Populated the TokenStorage with an anonymous Token. [] []
[2017-06-01 12:20:01] security.INFO: No expression found; abstaining from voting. [] []
[2017-06-01 12:20:01] request.CRITICAL: Uncaught PHP Exception InvalidArgumentException: "The directory "/usr/share/elkarbackup/app/cache/prod/annotations" is not writable." at /usr/share/elkarbackup/vendor/doctrine/cache/lib/Doctrine/Common/Cache/FileCache.php line 92 {"exception":"[object] (InvalidArgumentException(code: 0): The directory \"/usr/share/elkarbackup/app/cache/prod/annotations\" is not writable. at /usr/share/elkarbackup/vendor/doctrine/cache/lib/Doctrine/Common/Cache/FileCache.php:92)"} []
[2017-06-01 12:20:01] request.CRITICAL: Exception thrown when handling an exception (InvalidArgumentException: The directory "/usr/share/elkarbackup/app/cache/prod/annotations" is not writable. at /usr/share/elkarbackup/vendor/doctrine/cache/lib/Doctrine/Common/Cache/FileCache.php line 92) {"exception":"[object] (InvalidArgumentException(code: 0): The directory \"/usr/share/elkarbackup/app/cache/prod/annotations\" is not writable. at /usr/share/elkarbackup/vendor/doctrine/cache/lib/Doctrine/Common/Cache/FileCache.php:92)"} []
[2017-06-01 12:20:01] request.CRITICAL: Uncaught PHP Exception InvalidArgumentException: "The directory "/usr/share/elkarbackup/app/cache/prod/annotations" is not writable." at /usr/share/elkarbackup/vendor/doctrine/cache/lib/Doctrine/Common/Cache/FileCache.php line 92 {"exception":"[object] (InvalidArgumentException(code: 0): The directory \"/usr/share/elkarbackup/app/cache/prod/annotations\" is not writable. at /usr/share/elkarbackup/vendor/doctrine/cache/lib/Doctrine/Common/Cache/FileCache.php:92, InvalidArgumentException(code: 0): The directory \"/usr/share/elkarbackup/app/cache/prod/annotations\" is not writable. at /usr/share/elkarbackup/vendor/doctrine/cache/lib/Doctrine/Common/Cache/FileCache.php:92)"} []
[2017-06-01 12:20:01] request.CRITICAL: Exception thrown when handling an exception (InvalidArgumentException: The directory "/usr/share/elkarbackup/app/cache/prod/annotations" is not writable. at /usr/share/elkarbackup/vendor/doctrine/cache/lib/Doctrine/Common/Cache/FileCache.php line 92) {"exception":"[object] (InvalidArgumentException(code: 0): The directory \"/usr/share/elkarbackup/app/cache/prod/annotations\" is not writable. at /usr/share/elkarbackup/vendor/doctrine/cache/lib/Doctrine/Common/Cache/FileCache.php:92)"} []
[2017-06-07 16:24:11] request.INFO: Matched route "showClients". {"route_parameters":{"_controller":"Binovo\\ElkarBackupBundle\\Controller\\DefaultController::showClientsAction","_route":"showClients"},"request_uri":"https://backup.pinspb.ru/clients?is_args"} []
[2017-06-07 16:24:11] security.DEBUG: Read existing security token from the session. {"key":"_security_secured_area"} []
[2017-06-07 16:24:11] security.DEBUG: User was reloaded from a user provider. {"username":"root","provider":"Symfony\\Bridge\\Doctrine\\Security\\User\\EntityUserProvider"} []
[2017-06-07 16:24:11] security.INFO: No expression found; abstaining from voting. [] []
[2017-06-07 16:24:11] request.CRITICAL: Uncaught PHP Exception Symfony\Component\Debug\Exception\FatalErrorException: "Parse Error: syntax error, unexpected 'command' (T_STRING), expecting variable (T_VARIABLE) or '$'" at /usr/share/elkarbackup/src/Binovo/ElkarBackupBundle/Controller/DefaultController.php line 732 {"exception":"[object] (Symfony\\Component\\Debug\\Exception\\FatalErrorException(code: 0): Parse Error: syntax error, unexpected 'command' (T_STRING), expecting variable (T_VARIABLE) or '$' at /usr/share/elkarbackup/src/Binovo/ElkarBackupBundle/Controller/DefaultController.php:732)"} []
[2017-06-07 16:24:11] security.DEBUG: Stored the security token in the session. {"key":"_security_secured_area"} []
[2017-06-07 16:24:23] request.INFO: Matched route "home". {"route_parameters":{"_controller":"Binovo\\ElkarBackupBundle\\Controller\\DefaultController::homeAction","_route":"home"},"request_uri":"https://backup.pinspb.ru/"} []
[2017-06-07 16:24:23] security.DEBUG: Read existing security token from the session. {"key":"_security_secured_area"} []
[2017-06-07 16:24:23] security.DEBUG: User was reloaded from a user provider. {"username":"root","provider":"Symfony\\Bridge\\Doctrine\\Security\\User\\EntityUserProvider"} []
[2017-06-07 16:24:23] security.INFO: No expression found; abstaining from voting. [] []
[2017-06-07 16:24:23] request.CRITICAL: Uncaught PHP Exception Symfony\Component\Debug\Exception\FatalErrorException: "Parse Error: syntax error, unexpected 'command' (T_STRING), expecting variable (T_VARIABLE) or '$'" at /usr/share/elkarbackup/src/Binovo/ElkarBackupBundle/Controller/DefaultController.php line 732 {"exception":"[object] (Symfony\\Component\\Debug\\Exception\\FatalErrorException(code: 0): Parse Error: syntax error, unexpected 'command' (T_STRING), expecting variable (T_VARIABLE) or '$' at /usr/share/elkarbackup/src/Binovo/ElkarBackupBundle/Controller/DefaultController.php:732)"} []
[2017-06-07 16:24:23] security.DEBUG: Stored the security token in the session. {"key":"_security_secured_area"} []
[2017-06-07 16:26:33] request.INFO: Matched route "home". {"route_parameters":{"_controller":"Binovo\\ElkarBackupBundle\\Controller\\DefaultController::homeAction","_route":"home"},"request_uri":"https://backup.pinspb.ru/"} []
[2017-06-07 16:26:33] security.DEBUG: Read existing security token from the session. {"key":"_security_secured_area"} []
[2017-06-07 16:26:33] security.DEBUG: User was reloaded from a user provider. {"username":"root","provider":"Symfony\\Bridge\\Doctrine\\Security\\User\\EntityUserProvider"} []
[2017-06-07 16:26:33] security.INFO: No expression found; abstaining from voting. [] []
[2017-06-07 16:26:33] request.CRITICAL: Uncaught PHP Exception Symfony\Component\Debug\Exception\FatalErrorException: "Parse Error: syntax error, unexpected 'realpath' (T_STRING), expecting variable (T_VARIABLE) or '$'" at /usr/share/elkarbackup/src/Binovo/ElkarBackupBundle/Controller/DefaultController.php line 732 {"exception":"[object] (Symfony\\Component\\Debug\\Exception\\FatalErrorException(code: 0): Parse Error: syntax error, unexpected 'realpath' (T_STRING), expecting variable (T_VARIABLE) or '$' at /usr/share/elkarbackup/src/Binovo/ElkarBackupBundle/Controller/DefaultController.php:732)"} []
[2017-06-07 16:26:33] security.DEBUG: Stored the security token in the session. {"key":"_security_secured_area"} []
[2017-06-07 17:56:36] request.INFO: Matched route "saveScript". {"route_parameters":{"id":"-1","_controller":"Binovo\\ElkarBackupBundle\\Controller\\DefaultController::saveScriptAction","_route":"saveScript"},"request_uri":"https://backup.pinspb.ru/script?is_args"} []
[2017-06-07 17:56:36] security.DEBUG: Read existing security token from the session. {"key":"_security_secured_area"} []
[2017-06-07 17:56:36] security.DEBUG: User was reloaded from a user provider. {"username":"root","provider":"Symfony\\Bridge\\Doctrine\\Security\\User\\EntityUserProvider"} []
[2017-06-07 17:56:36] security.INFO: No expression found; abstaining from voting. [] []
[2017-06-07 17:56:36] request.CRITICAL: Uncaught PHP Exception Symfony\Component\HttpFoundation\File\Exception\FileException: "Unable to write in the "/var/spool/elkarbackup/uploads" directory" at /usr/share/elkarbackup/vendor/symfony/symfony/src/Symfony/Component/HttpFoundation/File/File.php line 113 {"exception":"[object] (Symfony\\Component\\HttpFoundation\\File\\Exception\\FileException(code: 0): Unable to write in the \"/var/spool/elkarbackup/uploads\" directory at /usr/share/elkarbackup/vendor/symfony/symfony/src/Symfony/Component/HttpFoundation/File/File.php:113)"} []
[2017-06-07 17:56:36] security.DEBUG: Stored the security token in the session. {"key":"_security_secured_area"} []
[2017-06-07 18:00:21] request.INFO: Matched route "saveScript". {"route_parameters":{"id":"-1","_controller":"Binovo\\ElkarBackupBundle\\Controller\\DefaultController::saveScriptAction","_route":"saveScript"},"request_uri":"https://backup.pinspb.ru/script?is_args"} []
[2017-06-07 18:00:21] security.DEBUG: Read existing security token from the session. {"key":"_security_secured_area"} []
[2017-06-07 18:00:21] security.DEBUG: User was reloaded from a user provider. {"username":"root","provider":"Symfony\\Bridge\\Doctrine\\Security\\User\\EntityUserProvider"} []
[2017-06-07 18:00:21] security.INFO: No expression found; abstaining from voting. [] []
[2017-06-07 18:00:21] request.CRITICAL: Uncaught PHP Exception Symfony\Component\HttpFoundation\File\Exception\FileException: "Unable to write in the "/var/spool/elkarbackup/uploads" directory" at /usr/share/elkarbackup/vendor/symfony/symfony/src/Symfony/Component/HttpFoundation/File/File.php line 113 {"exception":"[object] (Symfony\\Component\\HttpFoundation\\File\\Exception\\FileException(code: 0): Unable to write in the \"/var/spool/elkarbackup/uploads\" directory at /usr/share/elkarbackup/vendor/symfony/symfony/src/Symfony/Component/HttpFoundation/File/File.php:113)"} []
[2017-06-07 18:00:21] security.DEBUG: Stored the security token in the session. {"key":"_security_secured_area"} []
[2017-06-07 18:08:37] request.INFO: Matched route "saveScript". {"route_parameters":{"id":"-1","_controller":"Binovo\\ElkarBackupBundle\\Controller\\DefaultController::saveScriptAction","_route":"saveScript"},"request_uri":"https://backup.pinspb.ru/script?is_args"} []
[2017-06-07 18:08:37] security.DEBUG: Read existing security token from the session. {"key":"_security_secured_area"} []
[2017-06-07 18:08:37] security.DEBUG: User was reloaded from a user provider. {"username":"root","provider":"Symfony\\Bridge\\Doctrine\\Security\\User\\EntityUserProvider"} []
[2017-06-07 18:08:37] security.INFO: No expression found; abstaining from voting. [] []
[2017-06-07 18:08:37] request.CRITICAL: Uncaught PHP Exception Symfony\Component\HttpFoundation\File\Exception\FileException: "Unable to write in the "/var/spool/elkarbackup/uploads" directory" at /usr/share/elkarbackup/vendor/symfony/symfony/src/Symfony/Component/HttpFoundation/File/File.php line 113 {"exception":"[object] (Symfony\\Component\\HttpFoundation\\File\\Exception\\FileException(code: 0): Unable to write in the \"/var/spool/elkarbackup/uploads\" directory at /usr/share/elkarbackup/vendor/symfony/symfony/src/Symfony/Component/HttpFoundation/File/File.php:113)"} []
[2017-06-07 18:08:37] security.DEBUG: Stored the security token in the session. {"key":"_security_secured_area"} []
[2017-06-07 18:12:00] request.ERROR: Uncaught PHP Exception Symfony\Component\HttpKernel\Exception\NotFoundHttpException: "No route found for "GET /css/bootstrap.min.css.map"" at /usr/share/elkarbackup/app/cache/prod/classes.php line 2605 {"exception":"[object] (Symfony\\Component\\HttpKernel\\Exception\\NotFoundHttpException(code: 0): No route found for \"GET /css/bootstrap.min.css.map\" at /usr/share/elkarbackup/app/cache/prod/classes.php:2605, Symfony\\Component\\Routing\\Exception\\ResourceNotFoundException(code: 0):  at /usr/share/elkarbackup/app/cache/prod/appProdUrlMatcher.php:439)"} []
[2017-06-07 18:19:42] request.INFO: Matched route "saveScript". {"route_parameters":{"id":"-1","_controller":"Binovo\\ElkarBackupBundle\\Controller\\DefaultController::saveScriptAction","_route":"saveScript"},"request_uri":"https://backup.pinspb.ru/script?is_args"} []
[2017-06-07 18:19:42] security.DEBUG: Read existing security token from the session. {"key":"_security_secured_area"} []
[2017-06-07 18:19:42] security.DEBUG: User was reloaded from a user provider. {"username":"root","provider":"Symfony\\Bridge\\Doctrine\\Security\\User\\EntityUserProvider"} []
[2017-06-07 18:19:42] security.INFO: No expression found; abstaining from voting. [] []
[2017-06-07 18:19:42] request.CRITICAL: Uncaught PHP Exception Symfony\Component\HttpFoundation\File\Exception\FileException: "Unable to write in the "/var/spool/elkarbackup/uploads" directory" at /usr/share/elkarbackup/vendor/symfony/symfony/src/Symfony/Component/HttpFoundation/File/File.php line 113 {"exception":"[object] (Symfony\\Component\\HttpFoundation\\File\\Exception\\FileException(code: 0): Unable to write in the \"/var/spool/elkarbackup/uploads\" directory at /usr/share/elkarbackup/vendor/symfony/symfony/src/Symfony/Component/HttpFoundation/File/File.php:113)"} []
[2017-06-07 18:19:42] security.DEBUG: Stored the security token in the session. {"key":"_security_secured_area"} []
[2017-06-07 18:29:51] request.INFO: Matched route "saveScript". {"route_parameters":{"id":"-1","_controller":"Binovo\\ElkarBackupBundle\\Controller\\DefaultController::saveScriptAction","_route":"saveScript"},"request_uri":"https://backup.pinspb.ru/script?is_args"} []
[2017-06-07 18:29:51] security.DEBUG: Read existing security token from the session. {"key":"_security_secured_area"} []
[2017-06-07 18:29:51] security.DEBUG: User was reloaded from a user provider. {"username":"root","provider":"Symfony\\Bridge\\Doctrine\\Security\\User\\EntityUserProvider"} []
[2017-06-07 18:29:51] security.INFO: No expression found; abstaining from voting. [] []
[2017-06-07 18:29:51] request.CRITICAL: Uncaught PHP Exception Symfony\Component\HttpFoundation\File\Exception\FileException: "Unable to write in the "/var/spool/elkarbackup/uploads" directory" at /usr/share/elkarbackup/vendor/symfony/symfony/src/Symfony/Component/HttpFoundation/File/File.php line 113 {"exception":"[object] (Symfony\\Component\\HttpFoundation\\File\\Exception\\FileException(code: 0): Unable to write in the \"/var/spool/elkarbackup/uploads\" directory at /usr/share/elkarbackup/vendor/symfony/symfony/src/Symfony/Component/HttpFoundation/File/File.php:113)"} []
[2017-06-07 18:29:51] security.DEBUG: Stored the security token in the session. {"key":"_security_secured_area"} []
